<?xml version="1.0" encoding="UTF-8"?>
<!-- Generated by org.testng.reporters.JUnitReportReporter -->
<testsuite hostname="SAWin11Dev" failures="0" tests="7" name="com.apex.samples.NewTestNG2" time="9.920" errors="0" timestamp="2022-01-30T07:57:06 PST" skipped="0">
  <testcase classname="com.apex.samples.NewTestNG2" name="testGetWithBlank" time="1.728"/>
  <system-out/>
  <testcase classname="com.apex.samples.NewTestNG2" name="testGetWithSuccessData" time="1.373"/>
  <system-out/>
  <testcase classname="com.apex.samples.NewTestNG2" name="testGetWithWrongDataType" time="1.376"/>
  <system-out/>
  <testcase classname="com.apex.samples.NewTestNG2" name="testGetWithWrongPassword" time="1.354"/>
  <system-out/>
  <testcase classname="com.apex.samples.NewTestNG2" name="testGetWithWrongUserName" time="1.360"/>
  <system-out/>
  <testcase classname="com.apex.samples.NewTestNG2" name="testGetWithNumber" time="1.358"/>
  <system-out/>
  <testcase classname="com.apex.samples.NewTestNG2" name="testGetWithZero" time="1.371"/>
  <system-out/>
</testsuite> <!-- com.apex.samples.NewTestNG2 -->
