<?xml version="1.0" encoding="UTF-8"?>
<!-- Generated by org.testng.reporters.JUnitReportReporter -->
<testsuite hostname="SAWin11Dev" failures="0" tests="1" name="com.apex.samples.Employee_Get_Request" time="1.999" errors="0" timestamp="2022-02-07T10:51:51 PST" skipped="0">
  <testcase classname="com.apex.samples.Employee_Get_Request" name="getEmployees" time="1.999"/>
  <system-out/>
</testsuite> <!-- com.apex.samples.Employee_Get_Request -->
