<?xml version="1.0" encoding="UTF-8"?>
<!-- Generated by org.testng.reporters.JUnitReportReporter -->
<testsuite hostname="SAWin11Dev" failures="0" tests="1" name="com.apex.samples.Employee_Put_Request" time="1.859" errors="0" timestamp="2022-02-08T22:36:18 PST" skipped="0">
  <testcase classname="com.apex.samples.Employee_Put_Request" name="updateEmployee" time="1.859"/>
  <system-out/>
</testsuite> <!-- com.apex.samples.Employee_Put_Request -->
