<?xml version="1.0" encoding="UTF-8"?>
<!-- Generated by org.testng.reporters.JUnitReportReporter -->
<testsuite hostname="SAWin11Dev" failures="0" tests="3" name="com.apex.samples.NewTestPOST007" time="1.657" errors="0" timestamp="2022-02-09T14:34:16 PST" skipped="0">
  <testcase classname="com.apex.samples.NewTestPOST007" name="createEmployee" time="0.412"/>
  <system-out/>
  <testcase classname="com.apex.samples.NewTestPOST007" name="createEmployee" time="0.460"/>
  <system-out/>
  <testcase classname="com.apex.samples.NewTestPOST007" name="createEmployee" time="0.785"/>
  <system-out/>
</testsuite> <!-- com.apex.samples.NewTestPOST007 -->
