<?xml version="1.0" encoding="UTF-8"?>
<!-- Generated by org.testng.reporters.JUnitReportReporter -->
<testsuite hostname="SAWin11Dev" failures="0" tests="1" name="com.apex.samples.Post_Request_Apache_HttpClient" time="1.968" errors="0" timestamp="2022-02-04T11:29:27 PST" skipped="0">
  <testcase classname="com.apex.samples.Post_Request_Apache_HttpClient" name="createEmployee" time="1.968"/>
  <system-out/>
</testsuite> <!-- com.apex.samples.Post_Request_Apache_HttpClient -->
