<?xml version="1.0" encoding="UTF-8"?>
<!-- Generated by org.testng.reporters.JUnitReportReporter -->
<testsuite hostname="SAWin11Dev" failures="0" tests="1" name="com.apex.samples.Delete_Request_Apache_HttpClient" time="0.838" errors="0" timestamp="2022-02-04T11:30:11 PST" skipped="0">
  <testcase classname="com.apex.samples.Delete_Request_Apache_HttpClient" name="deleteEmployee" time="0.838"/>
  <system-out/>
</testsuite> <!-- com.apex.samples.Delete_Request_Apache_HttpClient -->
