<?xml version="1.0" encoding="UTF-8"?>
<!-- Generated by org.testng.reporters.JUnitReportReporter -->
<testsuite hostname="SAWin11Dev" failures="0" tests="1" name="com.apex.samples.Employee_Delete_Request" time="2.096" errors="0" timestamp="2022-02-14T10:44:44 PST" skipped="0">
  <testcase classname="com.apex.samples.Employee_Delete_Request" name="deleteEmployee" time="2.096"/>
  <system-out/>
</testsuite> <!-- com.apex.samples.Employee_Delete_Request -->
