<?xml version="1.0" encoding="UTF-8"?>
<!-- Generated by org.testng.reporters.JUnitReportReporter -->
<testsuite hostname="SAWin11Dev" failures="0" tests="1" name="com.apex.samples.Employee_Post_Request" time="0.935" errors="0" timestamp="2022-02-08T16:46:50 PST" skipped="0">
  <testcase classname="com.apex.samples.Employee_Post_Request" name="createEmployee" time="0.935"/>
  <system-out/>
</testsuite> <!-- com.apex.samples.Employee_Post_Request -->
