<?xml version="1.0" encoding="UTF-8"?>
<!-- Generated by org.testng.reporters.JUnitReportReporter -->
<testsuite hostname="SAWin11Dev" failures="0" tests="1" name="com.apex.samples.UserAPITestNG1" time="1.341" errors="0" timestamp="2022-02-08T22:26:24 PST" skipped="0">
  <testcase classname="com.apex.samples.UserAPITestNG1" name="testGetwithSuccessData" time="1.341"/>
  <system-out/>
</testsuite> <!-- com.apex.samples.UserAPITestNG1 -->
