<?xml version="1.0" encoding="UTF-8"?>
<!-- Generated by org.testng.reporters.JUnitReportReporter -->
<testsuite hostname="SAWin11Dev" failures="0" tests="4" name="com.apex.samples.GO_REST_Post_Request" time="4.402" errors="0" timestamp="2022-02-11T15:37:08 PST" skipped="0">
  <testcase classname="com.apex.samples.GO_REST_Post_Request" name="createEmployee" time="1.014"/>
  <system-out/>
  <testcase classname="com.apex.samples.GO_REST_Post_Request" name="createEmployee" time="1.368"/>
  <system-out/>
  <testcase classname="com.apex.samples.GO_REST_Post_Request" name="createEmployee" time="1.018"/>
  <system-out/>
  <testcase classname="com.apex.samples.GO_REST_Post_Request" name="createEmployee" time="1.002"/>
  <system-out/>
</testsuite> <!-- com.apex.samples.GO_REST_Post_Request -->
