<?xml version="1.0" encoding="UTF-8"?>
<!-- Generated by org.testng.reporters.JUnitReportReporter -->
<testsuite hostname="SAWin11Dev" failures="0" tests="1" name="com.apex.samples.Put_Request_Apache_HttpClient" time="1.915" errors="0" timestamp="2022-02-04T11:15:40 PST" skipped="0">
  <testcase classname="com.apex.samples.Put_Request_Apache_HttpClient" name="updateEmployee" time="1.915"/>
  <system-out/>
</testsuite> <!-- com.apex.samples.Put_Request_Apache_HttpClient -->
